running egg_info
creating build/firstRos2pkg/firstRos2pkg.egg-info
writing build/firstRos2pkg/firstRos2pkg.egg-info/PKG-INFO
writing dependency_links to build/firstRos2pkg/firstRos2pkg.egg-info/dependency_links.txt
writing entry points to build/firstRos2pkg/firstRos2pkg.egg-info/entry_points.txt
writing requirements to build/firstRos2pkg/firstRos2pkg.egg-info/requires.txt
writing top-level names to build/firstRos2pkg/firstRos2pkg.egg-info/top_level.txt
writing manifest file 'build/firstRos2pkg/firstRos2pkg.egg-info/SOURCES.txt'
reading manifest file 'build/firstRos2pkg/firstRos2pkg.egg-info/SOURCES.txt'
adding license file 'LICENSE'
writing manifest file 'build/firstRos2pkg/firstRos2pkg.egg-info/SOURCES.txt'
running build
running build_py
creating /home/tudor/colcon_ws/src/firstRos2pkg/build/firstRos2pkg/build
creating /home/tudor/colcon_ws/src/firstRos2pkg/build/firstRos2pkg/build/lib
creating /home/tudor/colcon_ws/src/firstRos2pkg/build/firstRos2pkg/build/lib/firstRos2pkg
copying firstRos2pkg/__init__.py -> /home/tudor/colcon_ws/src/firstRos2pkg/build/firstRos2pkg/build/lib/firstRos2pkg
copying firstRos2pkg/following_robot.py -> /home/tudor/colcon_ws/src/firstRos2pkg/build/firstRos2pkg/build/lib/firstRos2pkg
copying firstRos2pkg/human_follower.py -> /home/tudor/colcon_ws/src/firstRos2pkg/build/firstRos2pkg/build/lib/firstRos2pkg
running install
running install_lib
creating /home/tudor/colcon_ws/src/firstRos2pkg/install/firstRos2pkg/lib/python3.10/site-packages/firstRos2pkg
copying /home/tudor/colcon_ws/src/firstRos2pkg/build/firstRos2pkg/build/lib/firstRos2pkg/__init__.py -> /home/tudor/colcon_ws/src/firstRos2pkg/install/firstRos2pkg/lib/python3.10/site-packages/firstRos2pkg
copying /home/tudor/colcon_ws/src/firstRos2pkg/build/firstRos2pkg/build/lib/firstRos2pkg/following_robot.py -> /home/tudor/colcon_ws/src/firstRos2pkg/install/firstRos2pkg/lib/python3.10/site-packages/firstRos2pkg
copying /home/tudor/colcon_ws/src/firstRos2pkg/build/firstRos2pkg/build/lib/firstRos2pkg/human_follower.py -> /home/tudor/colcon_ws/src/firstRos2pkg/install/firstRos2pkg/lib/python3.10/site-packages/firstRos2pkg
byte-compiling /home/tudor/colcon_ws/src/firstRos2pkg/install/firstRos2pkg/lib/python3.10/site-packages/firstRos2pkg/__init__.py to __init__.cpython-310.pyc
byte-compiling /home/tudor/colcon_ws/src/firstRos2pkg/install/firstRos2pkg/lib/python3.10/site-packages/firstRos2pkg/following_robot.py to following_robot.cpython-310.pyc
byte-compiling /home/tudor/colcon_ws/src/firstRos2pkg/install/firstRos2pkg/lib/python3.10/site-packages/firstRos2pkg/human_follower.py to human_follower.cpython-310.pyc
running install_data
creating /home/tudor/colcon_ws/src/firstRos2pkg/install/firstRos2pkg/share/ament_index
creating /home/tudor/colcon_ws/src/firstRos2pkg/install/firstRos2pkg/share/ament_index/resource_index
creating /home/tudor/colcon_ws/src/firstRos2pkg/install/firstRos2pkg/share/ament_index/resource_index/packages
copying resource/firstRos2pkg -> /home/tudor/colcon_ws/src/firstRos2pkg/install/firstRos2pkg/share/ament_index/resource_index/packages
copying package.xml -> /home/tudor/colcon_ws/src/firstRos2pkg/install/firstRos2pkg/share/firstRos2pkg
running install_egg_info
Copying build/firstRos2pkg/firstRos2pkg.egg-info to /home/tudor/colcon_ws/src/firstRos2pkg/install/firstRos2pkg/lib/python3.10/site-packages/firstRos2pkg-0.0.0-py3.10.egg-info
running install_scripts
Installing follow_character script to /home/tudor/colcon_ws/src/firstRos2pkg/install/firstRos2pkg/lib/firstRos2pkg
Installing human_follower script to /home/tudor/colcon_ws/src/firstRos2pkg/install/firstRos2pkg/lib/firstRos2pkg
writing list of installed files to '/home/tudor/colcon_ws/src/firstRos2pkg/build/firstRos2pkg/install.log'
