[0.820s] Invoking command in '/home/tudor/colcon_ws/src/firstRos2pkg': PYTHONPATH=/home/tudor/colcon_ws/src/firstRos2pkg/build/firstRos2pkg/prefix_override:/usr/lib/python3/dist-packages/colcon_core/task/python/colcon_distutils_commands:/home/tudor/colcon_ws/src/firstRos2pkg/install/firstRos2pkg/lib/python3.10/site-packages:${PYTHONPATH} /usr/bin/python3 -W ignore:setup.py install is deprecated setup.py egg_info --egg-base build/firstRos2pkg build --build-base /home/tudor/colcon_ws/src/firstRos2pkg/build/firstRos2pkg/build install --record /home/tudor/colcon_ws/src/firstRos2pkg/build/firstRos2pkg/install.log --single-version-externally-managed install_data
[1.145s] running egg_info
[1.147s] creating build/firstRos2pkg/firstRos2pkg.egg-info
[1.147s] writing build/firstRos2pkg/firstRos2pkg.egg-info/PKG-INFO
[1.149s] writing dependency_links to build/firstRos2pkg/firstRos2pkg.egg-info/dependency_links.txt
[1.150s] writing entry points to build/firstRos2pkg/firstRos2pkg.egg-info/entry_points.txt
[1.150s] writing requirements to build/firstRos2pkg/firstRos2pkg.egg-info/requires.txt
[1.151s] writing top-level names to build/firstRos2pkg/firstRos2pkg.egg-info/top_level.txt
[1.152s] writing manifest file 'build/firstRos2pkg/firstRos2pkg.egg-info/SOURCES.txt'
[1.155s] reading manifest file 'build/firstRos2pkg/firstRos2pkg.egg-info/SOURCES.txt'
[1.155s] adding license file 'LICENSE'
[1.156s] writing manifest file 'build/firstRos2pkg/firstRos2pkg.egg-info/SOURCES.txt'
[1.157s] running build
[1.157s] running build_py
[1.157s] creating /home/tudor/colcon_ws/src/firstRos2pkg/build/firstRos2pkg/build
[1.158s] creating /home/tudor/colcon_ws/src/firstRos2pkg/build/firstRos2pkg/build/lib
[1.158s] creating /home/tudor/colcon_ws/src/firstRos2pkg/build/firstRos2pkg/build/lib/firstRos2pkg
[1.159s] copying firstRos2pkg/__init__.py -> /home/tudor/colcon_ws/src/firstRos2pkg/build/firstRos2pkg/build/lib/firstRos2pkg
[1.159s] copying firstRos2pkg/following_robot.py -> /home/tudor/colcon_ws/src/firstRos2pkg/build/firstRos2pkg/build/lib/firstRos2pkg
[1.159s] copying firstRos2pkg/human_follower.py -> /home/tudor/colcon_ws/src/firstRos2pkg/build/firstRos2pkg/build/lib/firstRos2pkg
[1.160s] running install
[1.160s] running install_lib
[1.162s] creating /home/tudor/colcon_ws/src/firstRos2pkg/install/firstRos2pkg/lib/python3.10/site-packages/firstRos2pkg
[1.163s] copying /home/tudor/colcon_ws/src/firstRos2pkg/build/firstRos2pkg/build/lib/firstRos2pkg/__init__.py -> /home/tudor/colcon_ws/src/firstRos2pkg/install/firstRos2pkg/lib/python3.10/site-packages/firstRos2pkg
[1.164s] copying /home/tudor/colcon_ws/src/firstRos2pkg/build/firstRos2pkg/build/lib/firstRos2pkg/following_robot.py -> /home/tudor/colcon_ws/src/firstRos2pkg/install/firstRos2pkg/lib/python3.10/site-packages/firstRos2pkg
[1.164s] copying /home/tudor/colcon_ws/src/firstRos2pkg/build/firstRos2pkg/build/lib/firstRos2pkg/human_follower.py -> /home/tudor/colcon_ws/src/firstRos2pkg/install/firstRos2pkg/lib/python3.10/site-packages/firstRos2pkg
[1.167s] byte-compiling /home/tudor/colcon_ws/src/firstRos2pkg/install/firstRos2pkg/lib/python3.10/site-packages/firstRos2pkg/__init__.py to __init__.cpython-310.pyc
[1.169s] byte-compiling /home/tudor/colcon_ws/src/firstRos2pkg/install/firstRos2pkg/lib/python3.10/site-packages/firstRos2pkg/following_robot.py to following_robot.cpython-310.pyc
[1.171s] byte-compiling /home/tudor/colcon_ws/src/firstRos2pkg/install/firstRos2pkg/lib/python3.10/site-packages/firstRos2pkg/human_follower.py to human_follower.cpython-310.pyc
[1.173s] running install_data
[1.173s] creating /home/tudor/colcon_ws/src/firstRos2pkg/install/firstRos2pkg/share/ament_index
[1.173s] creating /home/tudor/colcon_ws/src/firstRos2pkg/install/firstRos2pkg/share/ament_index/resource_index
[1.173s] creating /home/tudor/colcon_ws/src/firstRos2pkg/install/firstRos2pkg/share/ament_index/resource_index/packages
[1.174s] copying resource/firstRos2pkg -> /home/tudor/colcon_ws/src/firstRos2pkg/install/firstRos2pkg/share/ament_index/resource_index/packages
[1.174s] copying package.xml -> /home/tudor/colcon_ws/src/firstRos2pkg/install/firstRos2pkg/share/firstRos2pkg
[1.174s] running install_egg_info
[1.177s] Copying build/firstRos2pkg/firstRos2pkg.egg-info to /home/tudor/colcon_ws/src/firstRos2pkg/install/firstRos2pkg/lib/python3.10/site-packages/firstRos2pkg-0.0.0-py3.10.egg-info
[1.179s] running install_scripts
[1.215s] Installing follow_character script to /home/tudor/colcon_ws/src/firstRos2pkg/install/firstRos2pkg/lib/firstRos2pkg
[1.215s] Installing human_follower script to /home/tudor/colcon_ws/src/firstRos2pkg/install/firstRos2pkg/lib/firstRos2pkg
[1.216s] writing list of installed files to '/home/tudor/colcon_ws/src/firstRos2pkg/build/firstRos2pkg/install.log'
[1.284s] Invoked command in '/home/tudor/colcon_ws/src/firstRos2pkg' returned '0': PYTHONPATH=/home/tudor/colcon_ws/src/firstRos2pkg/build/firstRos2pkg/prefix_override:/usr/lib/python3/dist-packages/colcon_core/task/python/colcon_distutils_commands:/home/tudor/colcon_ws/src/firstRos2pkg/install/firstRos2pkg/lib/python3.10/site-packages:${PYTHONPATH} /usr/bin/python3 -W ignore:setup.py install is deprecated setup.py egg_info --egg-base build/firstRos2pkg build --build-base /home/tudor/colcon_ws/src/firstRos2pkg/build/firstRos2pkg/build install --record /home/tudor/colcon_ws/src/firstRos2pkg/build/firstRos2pkg/install.log --single-version-externally-managed install_data
